
[2020-09-02 11:28:54] Traceback (most recent call last):
  File "main.py", line 45, in <module>
    main()
  File "main.py", line 41, in main
    os.killpg(os.getpgid(ui_server.pid), signal.SIGTERM)
AttributeError: module 'os' has no attribute 'killpg'


[2020-09-02 11:46:41] Traceback (most recent call last):
  File "main.py", line 42, in <module>
    main()
  File "main.py", line 39, in main
    cef.Shutdown()
  File "C:\Users\ZumbrunnenSimon\AppData\Local\Programs\Python\Python37\lib\subprocess.py", line 873, in __exit__
    self.wait()
  File "C:\Users\ZumbrunnenSimon\AppData\Local\Programs\Python\Python37\lib\subprocess.py", line 1019, in wait
    return self._wait(timeout=timeout)
  File "C:\Users\ZumbrunnenSimon\AppData\Local\Programs\Python\Python37\lib\subprocess.py", line 1259, in _wait
    timeout_millis)
KeyboardInterrupt


[2020-09-02 11:47:18] Traceback (most recent call last):
  File "main.py", line 43, in <module>
    main()
  File "main.py", line 40, in main
    print('hello')
  File "C:\Users\ZumbrunnenSimon\AppData\Local\Programs\Python\Python37\lib\subprocess.py", line 873, in __exit__
    self.wait()
  File "C:\Users\ZumbrunnenSimon\AppData\Local\Programs\Python\Python37\lib\subprocess.py", line 1019, in wait
    return self._wait(timeout=timeout)
  File "C:\Users\ZumbrunnenSimon\AppData\Local\Programs\Python\Python37\lib\subprocess.py", line 1259, in _wait
    timeout_millis)
KeyboardInterrupt


[2020-09-02 11:48:30] Traceback (most recent call last):
  File "load_handler.pyx", line 82, in cefpython_py37.LoadHandler_OnLoadError
  File "frame.pyx", line 33, in cefpython_py37.GetPyFrame
  File "frame.pyx", line 15, in cefpython_py37.GetUniqueFrameId
KeyboardInterrupt


[2020-09-02 11:51:19] Traceback (most recent call last):
  File "load_handler.pyx", line 82, in cefpython_py37.LoadHandler_OnLoadError
  File "frame.pyx", line 33, in cefpython_py37.GetPyFrame
  File "frame.pyx", line 15, in cefpython_py37.GetUniqueFrameId
KeyboardInterrupt

